-------------------------------------------------------------------------------
Test set: com.tmt.TaskManagementTool.TaskManagementToolApplicationTests
-------------------------------------------------------------------------------
Tests run: 1, Failures: 0, Errors: 1, Skipped: 0, Time elapsed: 2.557 s <<< FAILURE! - in com.tmt.TaskManagementTool.TaskManagementToolApplicationTests
contextLoads  Time elapsed: 0.016 s  <<< ERROR!
java.lang.IllegalStateException: Failed to load ApplicationContext for [WebMergedContextConfiguration@7be1ce6a testClass = com.tmt.TaskManagementTool.TaskManagementToolApplicationTests, locations = [], classes = [com.tmt.TaskManagementTool.TaskManagementToolApplication], contextInitializerClasses = [], activeProfiles = [], propertySourceLocations = [], propertySourceProperties = ["org.springframework.boot.test.context.SpringBootTestContextBootstrapper=true"], contextCustomizers = [org.springframework.boot.test.context.filter.ExcludeFilterContextCustomizer@32502377, org.springframework.boot.test.json.DuplicateJsonObjectContextCustomizerFactory$DuplicateJsonObjectContextCustomizer@21282ed8, org.springframework.boot.test.mock.mockito.MockitoContextCustomizer@0, org.springframework.boot.test.web.client.TestRestTemplateContextCustomizer@4659191b, org.springframework.boot.test.autoconfigure.actuate.observability.ObservabilityContextCustomizerFactory$DisableObservabilityContextCustomizer@9da1, org.springframework.boot.test.autoconfigure.properties.PropertyMappingContextCustomizer@0, org.springframework.boot.test.autoconfigure.web.servlet.WebDriverContextCustomizerFactory$Customizer@6221a451, org.springframework.boot.test.context.SpringBootTestAnnotation@7617731b], resourceBasePath = "src/main/webapp", contextLoader = org.springframework.boot.test.context.SpringBootContextLoader, parent = null]
Caused by: org.springframework.beans.factory.UnsatisfiedDependencyException: Error creating bean with name 'dashboardController': Unsatisfied dependency expressed through field 'generatePdfReportUtil': Error creating bean with name 'pdfGenerator': Unsatisfied dependency expressed through field 'taskService': Error creating bean with name 'taskService': Unsatisfied dependency expressed through field 'taskRepository': Error creating bean with name 'taskRepository' defined in com.tmt.TaskManagementTool.repositories.TaskRepository defined in @EnableMongoRepositories declared on MongoRepositoriesRegistrar.EnableMongoRepositoriesConfiguration: Cannot resolve reference to bean 'mongoTemplate' while setting bean property 'mongoOperations'
Caused by: org.springframework.beans.factory.UnsatisfiedDependencyException: Error creating bean with name 'pdfGenerator': Unsatisfied dependency expressed through field 'taskService': Error creating bean with name 'taskService': Unsatisfied dependency expressed through field 'taskRepository': Error creating bean with name 'taskRepository' defined in com.tmt.TaskManagementTool.repositories.TaskRepository defined in @EnableMongoRepositories declared on MongoRepositoriesRegistrar.EnableMongoRepositoriesConfiguration: Cannot resolve reference to bean 'mongoTemplate' while setting bean property 'mongoOperations'
Caused by: org.springframework.beans.factory.UnsatisfiedDependencyException: Error creating bean with name 'taskService': Unsatisfied dependency expressed through field 'taskRepository': Error creating bean with name 'taskRepository' defined in com.tmt.TaskManagementTool.repositories.TaskRepository defined in @EnableMongoRepositories declared on MongoRepositoriesRegistrar.EnableMongoRepositoriesConfiguration: Cannot resolve reference to bean 'mongoTemplate' while setting bean property 'mongoOperations'
Caused by: org.springframework.beans.factory.BeanCreationException: Error creating bean with name 'taskRepository' defined in com.tmt.TaskManagementTool.repositories.TaskRepository defined in @EnableMongoRepositories declared on MongoRepositoriesRegistrar.EnableMongoRepositoriesConfiguration: Cannot resolve reference to bean 'mongoTemplate' while setting bean property 'mongoOperations'
Caused by: org.springframework.beans.factory.UnsatisfiedDependencyException: Error creating bean with name 'mongoTemplate' defined in class path resource [org/springframework/boot/autoconfigure/data/mongo/MongoDatabaseFactoryDependentConfiguration.class]: Unsatisfied dependency expressed through method 'mongoTemplate' parameter 0: Error creating bean with name 'mongoDatabaseFactory' defined in class path resource [org/springframework/boot/autoconfigure/data/mongo/MongoDatabaseFactoryConfiguration.class]: Unsatisfied dependency expressed through method 'mongoDatabaseFactory' parameter 0: Error creating bean with name 'mongo' defined in class path resource [org/springframework/boot/autoconfigure/mongo/MongoAutoConfiguration.class]: Failed to instantiate [com.mongodb.client.MongoClient]: Factory method 'mongo' threw exception with message: The connection string is invalid. Connection strings must start with either 'mongodb://' or 'mongodb+srv://
Caused by: org.springframework.beans.factory.UnsatisfiedDependencyException: Error creating bean with name 'mongoDatabaseFactory' defined in class path resource [org/springframework/boot/autoconfigure/data/mongo/MongoDatabaseFactoryConfiguration.class]: Unsatisfied dependency expressed through method 'mongoDatabaseFactory' parameter 0: Error creating bean with name 'mongo' defined in class path resource [org/springframework/boot/autoconfigure/mongo/MongoAutoConfiguration.class]: Failed to instantiate [com.mongodb.client.MongoClient]: Factory method 'mongo' threw exception with message: The connection string is invalid. Connection strings must start with either 'mongodb://' or 'mongodb+srv://
Caused by: org.springframework.beans.factory.BeanCreationException: Error creating bean with name 'mongo' defined in class path resource [org/springframework/boot/autoconfigure/mongo/MongoAutoConfiguration.class]: Failed to instantiate [com.mongodb.client.MongoClient]: Factory method 'mongo' threw exception with message: The connection string is invalid. Connection strings must start with either 'mongodb://' or 'mongodb+srv://
Caused by: org.springframework.beans.BeanInstantiationException: Failed to instantiate [com.mongodb.client.MongoClient]: Factory method 'mongo' threw exception with message: The connection string is invalid. Connection strings must start with either 'mongodb://' or 'mongodb+srv://
Caused by: java.lang.IllegalArgumentException: The connection string is invalid. Connection strings must start with either 'mongodb://' or 'mongodb+srv://

